<?xml version="1.0" encoding="UTF-8"?>
<testng-results ignored="8" total="9" passed="1" failed="0" skipped="0">
  <reporter-output>
  </reporter-output>
  <suite started-at="2024-06-19T16:15:28 IST" name="Default suite" finished-at="2024-06-19T16:15:56 IST" duration-ms="28644">
    <groups>
    </groups>
    <test started-at="2024-06-19T16:15:28 IST" name="Default test" finished-at="2024-06-19T16:15:56 IST" duration-ms="28644">
      <class name="tests.End_To_End_Extent_Report">
        <test-method is-config="true" signature="setUp()[pri:0, instance:tests.End_To_End_Extent_Report@71d44a3]" started-at="2024-06-19T16:15:17 IST" name="setUp" finished-at="2024-06-19T16:15:28 IST" duration-ms="10644" status="PASS">
          <reporter-output>
          </reporter-output>
        </test-method> <!-- setUp -->
        <test-method signature="testGetStatusCode()[pri:8, instance:tests.End_To_End_Extent_Report@71d44a3]" started-at="2024-06-19T16:15:28 IST" name="testGetStatusCode" finished-at="2024-06-19T16:15:56 IST" duration-ms="28314" status="PASS">
          <reporter-output>
          </reporter-output>
        </test-method> <!-- testGetStatusCode -->
        <test-method is-config="true" signature="tearDown()[pri:0, instance:tests.End_To_End_Extent_Report@71d44a3]" started-at="2024-06-19T16:15:57 IST" name="tearDown" finished-at="2024-06-19T16:15:59 IST" duration-ms="1969" status="PASS">
          <reporter-output>
          </reporter-output>
        </test-method> <!-- tearDown -->
      </class> <!-- tests.End_To_End_Extent_Report -->
    </test> <!-- Default test -->
  </suite> <!-- Default suite -->
</testng-results>
