<?xml version="1.0" encoding="UTF-8"?>
<!-- Generated by org.testng.reporters.JUnitXMLReporter -->
<testsuite ignored="8" hostname="Naresh-02ISACJG" failures="0" tests="1" name="Default test" time="28.644" errors="0" timestamp="2024-06-19T16:15:57 IST">
  <testcase classname="tests.End_To_End_Extent_Report" name="testGetStatusCode" time="28.314"/>
  <testcase classname="tests.End_To_End_Extent_Report" name="checkoutProcess" time="0.0">
    <ignored/>
  </testcase> <!-- checkoutProcess -->
  <testcase classname="tests.End_To_End_Extent_Report" name="testInvalidLogin" time="0.0">
    <ignored/>
  </testcase> <!-- testInvalidLogin -->
  <testcase classname="tests.End_To_End_Extent_Report" name="categoriesDisplayed" time="0.0">
    <ignored/>
  </testcase> <!-- categoriesDisplayed -->
  <testcase classname="tests.End_To_End_Extent_Report" name="loginFuctionality" time="0.0">
    <ignored/>
  </testcase> <!-- loginFuctionality -->
  <testcase classname="tests.End_To_End_Extent_Report" name="addCartDemo" time="0.0">
    <ignored/>
  </testcase> <!-- addCartDemo -->
  <testcase classname="tests.End_To_End_Extent_Report" name="navigateToNextPage" time="0.0">
    <ignored/>
  </testcase> <!-- navigateToNextPage -->
  <testcase classname="tests.End_To_End_Extent_Report" name="deleteItemFromCart" time="0.0">
    <ignored/>
  </testcase> <!-- deleteItemFromCart -->
  <testcase classname="tests.End_To_End_Extent_Report" name="contactDemo" time="0.0">
    <ignored/>
  </testcase> <!-- contactDemo -->
</testsuite> <!-- Default test -->
