<?xml version="1.0" encoding="UTF-8"?>
<!-- Generated by org.testng.reporters.JUnitXMLReporter -->
<testsuite ignored="0" hostname="LAPTOP-FN1AS96S" failures="0" tests="7" name="Test" time="99.551" errors="0" timestamp="2024-06-19T02:35:40 IST">
  <testcase classname="tests.MainTest" name="loginFuctionality" time="6.56"/>
  <testcase classname="tests.MainTest" name="cat" time="5.202"/>
  <testcase classname="tests.MainTest" name="nextNavigate" time="15.322"/>
  <testcase classname="tests.MainTest" name="contactDemo" time="1.418"/>
  <testcase classname="tests.MainTest" name="addCartDemo" time="30.068"/>
  <testcase classname="tests.MainTest" name="delete" time="3.25"/>
  <testcase classname="tests.MainTest" name="ChechoutProcess" time="31.344"/>
</testsuite> <!-- Test -->
